# JRE version: OpenJDK Runtime Environment (8.0_152-b06) (build 1.8.0_152-release-1136-b06)
# Java VM: OpenJDK 64-Bit Server VM (25.152-b06 mixed mode windows-amd64 compressed oops)
Heap:
 PSYoungGen      total 347136K, used 249948K [0x00000000e0000000, 0x00000000faf00000, 0x0000000100000000)
  eden space 278016K, 68% used [0x00000000e0000000,0x00000000eb9ad810,0x00000000f0f80000)
  from space 69120K, 86% used [0x00000000f5c00000,0x00000000f9669888,0x00000000f9f80000)
  to   space 78336K, 0% used [0x00000000f0f80000,0x00000000f0f80000,0x00000000f5c00000)
 ParOldGen       total 320512K, used 147796K [0x00000000a0000000, 0x00000000b3900000, 0x00000000e0000000)
  object space 320512K, 46% used [0x00000000a0000000,0x00000000a9055210,0x00000000b3900000)
 Metaspace       used 95639K, capacity 97832K, committed 98304K, reserved 1134592K
  class space    used 12189K, capacity 12709K, committed 12800K, reserved 1048576K
GC Heap History (10 events):
Event: 30.050 GC heap before
{Heap before GC invocations=14 (full 3):
 PSYoungGen      total 204288K, used 182784K [0x00000000e0000000, 0x00000000eec00000, 0x0000000100000000)
  eden space 182784K, 100% used [0x00000000e0000000,0x00000000eb280000,0x00000000eb280000)
  from space 21504K, 0% used [0x00000000ecc80000,0x00000000ecc80000,0x00000000ee180000)
  to   space 26624K, 0% used [0x00000000eb280000,0x00000000eb280000,0x00000000ecc80000)
 ParOldGen       total 147968K, used 42520K [0x00000000a0000000, 0x00000000a9080000, 0x00000000e0000000)
  object space 147968K, 28% used [0x00000000a0000000,0x00000000a2986148,0x00000000a9080000)
 Metaspace       used 61816K, capacity 63582K, committed 63872K, reserved 1103872K
  class space    used 8349K, capacity 8785K, committed 8832K, reserved 1048576K
Event: 30.079 GC heap after
Heap after GC invocations=14 (full 3):
 PSYoungGen      total 209408K, used 5634K [0x00000000e0000000, 0x00000000f1080000, 0x0000000100000000)
  eden space 182784K, 0% used [0x00000000e0000000,0x00000000e0000000,0x00000000eb280000)
  from space 26624K, 21% used [0x00000000eb280000,0x00000000eb800b48,0x00000000ecc80000)
  to   space 26112K, 0% used [0x00000000ef700000,0x00000000ef700000,0x00000000f1080000)
 ParOldGen       total 147968K, used 42528K [0x00000000a0000000, 0x00000000a9080000, 0x00000000e0000000)
  object space 147968K, 28% used [0x00000000a0000000,0x00000000a2988148,0x00000000a9080000)
 Metaspace       used 61816K, capacity 63582K, committed 63872K, reserved 1103872K
  class space    used 8349K, capacity 8785K, committed 8832K, reserved 1048576K
}
Event: 41.729 GC heap before
{Heap before GC invocations=15 (full 3):
 PSYoungGen      total 209408K, used 187354K [0x00000000e0000000, 0x00000000f1080000, 0x0000000100000000)
  eden space 182784K, 99% used [0x00000000e0000000,0x00000000eb1760a8,0x00000000eb280000)
  from space 26624K, 21% used [0x00000000eb280000,0x00000000eb800b48,0x00000000ecc80000)
  to   space 26112K, 0% used [0x00000000ef700000,0x00000000ef700000,0x00000000f1080000)
 ParOldGen       total 147968K, used 42528K [0x00000000a0000000, 0x00000000a9080000, 0x00000000e0000000)
  object space 147968K, 28% used [0x00000000a0000000,0x00000000a2988148,0x00000000a9080000)
 Metaspace       used 70653K, capacity 72564K, committed 72704K, reserved 1112064K
  class space    used 9476K, capacity 9956K, committed 9984K, reserved 1048576K
Event: 41.812 GC heap after
Heap after GC invocations=15 (full 3):
 PSYoungGen      total 248832K, used 25534K [0x00000000e0000000, 0x00000000f1600000, 0x0000000100000000)
  eden space 222720K, 0% used [0x00000000e0000000,0x00000000e0000000,0x00000000ed980000)
  from space 26112K, 97% used [0x00000000ef700000,0x00000000f0fef838,0x00000000f1080000)
  to   space 30208K, 0% used [0x00000000ed980000,0x00000000ed980000,0x00000000ef700000)
 ParOldGen       total 147968K, used 42536K [0x00000000a0000000, 0x00000000a9080000, 0x00000000e0000000)
  object space 147968K, 28% used [0x00000000a0000000,0x00000000a298a148,0x00000000a9080000)
 Metaspace       used 70653K, capacity 72564K, committed 72704K, reserved 1112064K
  class space    used 9476K, capacity 9956K, committed 9984K, reserved 1048576K
}
Event: 46.478 GC heap before
{Heap before GC invocations=16 (full 3):
 PSYoungGen      total 248832K, used 248254K [0x00000000e0000000, 0x00000000f1600000, 0x0000000100000000)
  eden space 222720K, 100% used [0x00000000e0000000,0x00000000ed980000,0x00000000ed980000)
  from space 26112K, 97% used [0x00000000ef700000,0x00000000f0fef838,0x00000000f1080000)
  to   space 30208K, 0% used [0x00000000ed980000,0x00000000ed980000,0x00000000ef700000)
 ParOldGen       total 147968K, used 42536K [0x00000000a0000000, 0x00000000a9080000, 0x00000000e0000000)
  object space 147968K, 28% used [0x00000000a0000000,0x00000000a298a148,0x00000000a9080000)
 Metaspace       used 78380K, capacity 80362K, committed 80512K, reserved 1118208K
  class space    used 10302K, capacity 10789K, committed 10880K, reserved 1048576K
Event: 46.639 GC heap after
Heap after GC invocations=16 (full 3):
 PSYoungGen      total 252928K, used 30180K [0x00000000e0000000, 0x00000000f9f80000, 0x0000000100000000)
  eden space 222720K, 0% used [0x00000000e0000000,0x00000000e0000000,0x00000000ed980000)
  from space 30208K, 99% used [0x00000000ed980000,0x00000000ef6f90a0,0x00000000ef700000)
  to   space 69120K, 0% used [0x00000000f5c00000,0x00000000f5c00000,0x00000000f9f80000)
 ParOldGen       total 147968K, used 135912K [0x00000000a0000000, 0x00000000a9080000, 0x00000000e0000000)
  object space 147968K, 91% used [0x00000000a0000000,0x00000000a84ba348,0x00000000a9080000)
 Metaspace       used 78380K, capacity 80362K, committed 80512K, reserved 1118208K
  class space    used 10302K, capacity 10789K, committed 10880K, reserved 1048576K
}
Event: 46.639 GC heap before
{Heap before GC invocations=17 (full 4):
 PSYoungGen      total 252928K, used 30180K [0x00000000e0000000, 0x00000000f9f80000, 0x0000000100000000)
  eden space 222720K, 0% used [0x00000000e0000000,0x00000000e0000000,0x00000000ed980000)
  from space 30208K, 99% used [0x00000000ed980000,0x00000000ef6f90a0,0x00000000ef700000)
  to   space 69120K, 0% used [0x00000000f5c00000,0x00000000f5c00000,0x00000000f9f80000)
 ParOldGen       total 147968K, used 135912K [0x00000000a0000000, 0x00000000a9080000, 0x00000000e0000000)
  object space 147968K, 91% used [0x00000000a0000000,0x00000000a84ba348,0x00000000a9080000)
 Metaspace       used 78380K, capacity 80362K, committed 80512K, reserved 1118208K
  class space    used 10302K, capacity 10789K, committed 10880K, reserved 1048576K
Event: 47.428 GC heap after
Heap after GC invocations=17 (full 4):
 PSYoungGen      total 252928K, used 13651K [0x00000000e0000000, 0x00000000f9f80000, 0x0000000100000000)
  eden space 222720K, 0% used [0x00000000e0000000,0x00000000e0000000,0x00000000ed980000)
  from space 30208K, 45% used [0x00000000ed980000,0x00000000ee6d4e10,0x00000000ef700000)
  to   space 69120K, 0% used [0x00000000f5c00000,0x00000000f5c00000,0x00000000f9f80000)
 ParOldGen       total 320512K, used 147772K [0x00000000a0000000, 0x00000000b3900000, 0x00000000e0000000)
  object space 320512K, 46% used [0x00000000a0000000,0x00000000a904f210,0x00000000b3900000)
 Metaspace       used 78380K, capacity 80362K, committed 80512K, reserved 1118208K
  class space    used 10302K, capacity 10789K, committed 10880K, reserved 1048576K
}
Event: 50.579 GC heap before
{Heap before GC invocations=18 (full 4):
 PSYoungGen      total 252928K, used 236371K [0x00000000e0000000, 0x00000000f9f80000, 0x0000000100000000)
  eden space 222720K, 100% used [0x00000000e0000000,0x00000000ed980000,0x00000000ed980000)
  from space 30208K, 45% used [0x00000000ed980000,0x00000000ee6d4e10,0x00000000ef700000)
  to   space 69120K, 0% used [0x00000000f5c00000,0x00000000f5c00000,0x00000000f9f80000)
 ParOldGen       total 320512K, used 147772K [0x00000000a0000000, 0x00000000b3900000, 0x00000000e0000000)
  object space 320512K, 46% used [0x00000000a0000000,0x00000000a904f210,0x00000000b3900000)
 Metaspace       used 80535K, capacity 82586K, committed 82688K, reserved 1120256K
  class space    used 10464K, capacity 10995K, committed 11008K, reserved 1048576K
Event: 50.688 GC heap after
Heap after GC invocations=18 (full 4):
 PSYoungGen      total 347136K, used 59814K [0x00000000e0000000, 0x00000000faf00000, 0x0000000100000000)
  eden space 278016K, 0% used [0x00000000e0000000,0x00000000e0000000,0x00000000f0f80000)
  from space 69120K, 86% used [0x00000000f5c00000,0x00000000f9669888,0x00000000f9f80000)
  to   space 78336K, 0% used [0x00000000f0f80000,0x00000000f0f80000,0x00000000f5c00000)
 ParOldGen       total 320512K, used 147796K [0x00000000a0000000, 0x00000000b3900000, 0x00000000e0000000)
  object space 320512K, 46% used [0x00000000a0000000,0x00000000a9055210,0x00000000b3900000)
 Metaspace       used 80535K, capacity 82586K, committed 82688K, reserved 1120256K
  class space    used 10464K, capacity 10995K, committed 11008K, reserved 1048576K
}

